\BOOKMARK [0][-]{chapter.1}{\376\377\000C\000l\000a\000s\000s\000\040\000I\000n\000d\000e\000x}{}% 1
\BOOKMARK [1][-]{section.1.1}{\376\377\000C\000l\000a\000s\000s\000\040\000L\000i\000s\000t}{chapter.1}% 2
\BOOKMARK [0][-]{chapter.2}{\376\377\000C\000l\000a\000s\000s\000\040\000D\000o\000c\000u\000m\000e\000n\000t\000a\000t\000i\000o\000n}{}% 3
\BOOKMARK [1][-]{section.2.1}{\376\377\000H\000e\000l\000i\000x\000\040\000C\000l\000a\000s\000s\000\040\000R\000e\000f\000e\000r\000e\000n\000c\000e}{chapter.2}% 4
\BOOKMARK [2][-]{subsection.2.1.1}{\376\377\000C\000o\000n\000s\000t\000r\000u\000c\000t\000o\000r\000\040\000\046\000\040\000D\000e\000s\000t\000r\000u\000c\000t\000o\000r\000\040\000D\000o\000c\000u\000m\000e\000n\000t\000a\000t\000i\000o\000n}{section.2.1}% 5
\BOOKMARK [3][-]{subsubsection.2.1.1.1}{\376\377\000H\000e\000l\000i\000x}{subsection.2.1.1}% 6
\BOOKMARK [3][-]{subsubsection.2.1.1.2}{\376\377\000H\000e\000l\000i\000x}{subsection.2.1.1}% 7
\BOOKMARK [3][-]{subsubsection.2.1.1.3}{\376\377\000H\000e\000l\000i\000x}{subsection.2.1.1}% 8
\BOOKMARK [3][-]{subsubsection.2.1.1.4}{\376\377\000H\000e\000l\000i\000x}{subsection.2.1.1}% 9
\BOOKMARK [2][-]{subsection.2.1.2}{\376\377\000M\000e\000m\000b\000e\000r\000\040\000F\000u\000n\000c\000t\000i\000o\000n\000\040\000D\000o\000c\000u\000m\000e\000n\000t\000a\000t\000i\000o\000n}{section.2.1}% 10
\BOOKMARK [3][-]{subsubsection.2.1.2.1}{\376\377\000f\000i\000x}{subsection.2.1.2}% 11
\BOOKMARK [3][-]{subsubsection.2.1.2.2}{\376\377\000g\000e\000t\000N\000u\000c\000l\000e\000o\000S\000t\000r\000i\000n\000g}{subsection.2.1.2}% 12
\BOOKMARK [1][-]{section.2.2}{\376\377\000N\000u\000c\000l\000e\000o\000S\000t\000r\000i\000n\000g\000<\000\040\000A\000N\000N\000\040\000>\000\040\000C\000l\000a\000s\000s\000\040\000T\000e\000m\000p\000l\000a\000t\000e\000\040\000R\000e\000f\000e\000r\000e\000n\000c\000e}{chapter.2}% 13
\BOOKMARK [2][-]{subsection.2.2.1}{\376\377\000D\000e\000t\000a\000i\000l\000e\000d\000\040\000D\000e\000s\000c\000r\000i\000p\000t\000i\000o\000n}{section.2.2}% 14
\BOOKMARK [2][-]{subsection.2.2.2}{\376\377\000C\000o\000n\000s\000t\000r\000u\000c\000t\000o\000r\000\040\000\046\000\040\000D\000e\000s\000t\000r\000u\000c\000t\000o\000r\000\040\000D\000o\000c\000u\000m\000e\000n\000t\000a\000t\000i\000o\000n}{section.2.2}% 15
\BOOKMARK [3][-]{subsubsection.2.2.2.1}{\376\377\000N\000u\000c\000l\000e\000o\000S\000t\000r\000i\000n\000g}{subsection.2.2.2}% 16
\BOOKMARK [3][-]{subsubsection.2.2.2.2}{\376\377\000N\000u\000c\000l\000e\000o\000S\000t\000r\000i\000n\000g}{subsection.2.2.2}% 17
\BOOKMARK [3][-]{subsubsection.2.2.2.3}{\376\377\000N\000u\000c\000l\000e\000o\000S\000t\000r\000i\000n\000g}{subsection.2.2.2}% 18
\BOOKMARK [3][-]{subsubsection.2.2.2.4}{\376\377\000N\000u\000c\000l\000e\000o\000S\000t\000r\000i\000n\000g}{subsection.2.2.2}% 19
\BOOKMARK [3][-]{subsubsection.2.2.2.5}{\376\377\000N\000u\000c\000l\000e\000o\000S\000t\000r\000i\000n\000g}{subsection.2.2.2}% 20
\BOOKMARK [2][-]{subsection.2.2.3}{\376\377\000M\000e\000m\000b\000e\000r\000\040\000F\000u\000n\000c\000t\000i\000o\000n\000\040\000D\000o\000c\000u\000m\000e\000n\000t\000a\000t\000i\000o\000n}{section.2.2}% 21
\BOOKMARK [3][-]{subsubsection.2.2.3.1}{\376\377\000c\000o\000m\000p\000l\000e\000m\000e\000n\000t}{subsection.2.2.3}% 22
\BOOKMARK [3][-]{subsubsection.2.2.3.2}{\376\377\000g\000e\000t\000f\000a\000s\000t\000a}{subsection.2.2.3}% 23
\BOOKMARK [3][-]{subsubsection.2.2.3.3}{\376\377\000t\000r\000a\000n\000s\000c\000r\000i\000p\000t}{subsection.2.2.3}% 24
\BOOKMARK [0][-]{section*.5}{\376\377\000I\000n\000d\000e\000x}{}% 25
